<?xml version="1.0" encoding="UTF-8"?>
<!-- Generated by org.testng.reporters.JUnitReportReporter -->
<testsuite skipped="0" hostname="01-011648" name="com.shop.qa.testcases.LoginPageTest" tests="2" failures="0" timestamp="29 Apr 2019 09:51:50 GMT" time="18.596" errors="0">
  <testcase name="loginPageTitleTest" time="9.765" classname="com.shop.qa.testcases.LoginPageTest"/>
  <testcase name="loginTest" time="8.831" classname="com.shop.qa.testcases.LoginPageTest"/>
</testsuite> <!-- com.shop.qa.testcases.LoginPageTest -->
