<?xml version="1.0" encoding="UTF-8"?>
<!-- Generated by org.testng.reporters.JUnitReportReporter -->
<testsuite skipped="0" hostname="01-011648" name="com.shop.qa.testcases.LoginPageTest" tests="2" failures="0" timestamp="30 Apr 2019 05:20:56 GMT" time="36.617" errors="0">
  <testcase name="loginPageTitleTest" time="17.544" classname="com.shop.qa.testcases.LoginPageTest"/>
  <testcase name="loginTest" time="19.073" classname="com.shop.qa.testcases.LoginPageTest"/>
</testsuite> <!-- com.shop.qa.testcases.LoginPageTest -->
